<?xml version="1.0" encoding="UTF-8"?>
<!-- Generated by org.testng.reporters.JUnitXMLReporter -->
<testsuite ignored="0" hostname="Nag" failures="1" tests="1" name="Surefire test" time="18.812" errors="0" timestamp="2024-05-27T17:38:09 IST">
  <testcase classname="driverFactory.AppTest" name="kickStart" time="18.744">
    <failure type="java.lang.AssertionError" message="Stock Number Not Matching expected [Stock-000001600] but found [Stock-000001611]">
      <![CDATA[java.lang.AssertionError: Stock Number Not Matching expected [Stock-000001600] but found [Stock-000001611]
at commonFunction.FunctionLibrary.stockTable(FunctionLibrary.java:192)
at driverFactory.DriverScript.startTest(DriverScript.java:74)
at driverFactory.AppTest.kickStart(AppTest.java:10)
at java.base/java.util.ArrayList.forEach(ArrayList.java:1541)
... Removed 37 stack frames]]>
    </failure>
  </testcase> <!-- kickStart -->
</testsuite> <!-- Surefire test -->
